<?xml version="1.0" encoding="UTF-8"?>
<!-- Generated by org.testng.reporters.JUnitReportReporter -->
<testsuite hostname="Vihara" failures="0" tests="2" name="com.mystore.testcases.IndexPageTest" time="11.220" errors="0" timestamp="2021-12-30T14:18:55 IST" skipped="0">
  <testcase classname="com.mystore.testcases.IndexPageTest" name="verifyLogo" time="8.301"/>
  <system-out/>
  <testcase classname="com.mystore.testcases.IndexPageTest" name="verifyTitle" time="2.919"/>
  <system-out/>
</testsuite> <!-- com.mystore.testcases.IndexPageTest -->
