<?xml version="1.0" encoding="UTF-8"?>
<!-- Generated by org.testng.reporters.JUnitReportReporter -->
<testsuite hostname="Vihara" failures="0" tests="1" name="com.mystore.testcases.LoginPageTest" time="68.820" errors="0" timestamp="2021-12-29T20:50:05 IST" skipped="0">
  <testcase classname="com.mystore.testcases.LoginPageTest" name="loginTest" time="68.820"/>
  <system-out/>
</testsuite> <!-- com.mystore.testcases.LoginPageTest -->
