<?xml version="1.0" encoding="UTF-8"?>
<!-- Generated by org.testng.reporters.JUnitReportReporter -->
<testsuite hostname="Vihara" failures="0" tests="1" name="com.mystore.testcases.AddToCartPageTest" time="17.023" errors="0" timestamp="2021-12-31T10:50:54 IST" skipped="0">
  <testcase classname="com.mystore.testcases.AddToCartPageTest" name="addToCartTest" time="17.023"/>
  <system-out/>
</testsuite> <!-- com.mystore.testcases.AddToCartPageTest -->
